2025/09/10 22:24:26 [emerg] 1#1: dlopen() "/etc/nginx/modules/ngx_stream_module.so" failed (Error loading shared library /etc/nginx/modules/ngx_stream_module.so: No such file or directory) in /etc/nginx/nginx.conf:4
2025/09/10 22:24:26 [emerg] 1#1: dlopen() "/etc/nginx/modules/ngx_stream_module.so" failed (Error loading shared library /etc/nginx/modules/ngx_stream_module.so: No such file or directory) in /etc/nginx/nginx.conf:4
2025/09/10 22:24:26 [emerg] 1#1: dlopen() "/etc/nginx/modules/ngx_stream_module.so" failed (Error loading shared library /etc/nginx/modules/ngx_stream_module.so: No such file or directory) in /etc/nginx/nginx.conf:4
2025/09/10 22:24:27 [emerg] 1#1: dlopen() "/etc/nginx/modules/ngx_stream_module.so" failed (Error loading shared library /etc/nginx/modules/ngx_stream_module.so: No such file or directory) in /etc/nginx/nginx.conf:4
2025/09/10 22:24:28 [emerg] 1#1: dlopen() "/etc/nginx/modules/ngx_stream_module.so" failed (Error loading shared library /etc/nginx/modules/ngx_stream_module.so: No such file or directory) in /etc/nginx/nginx.conf:4
2025/09/10 22:24:30 [emerg] 1#1: dlopen() "/etc/nginx/modules/ngx_stream_module.so" failed (Error loading shared library /etc/nginx/modules/ngx_stream_module.so: No such file or directory) in /etc/nginx/nginx.conf:4
2025/09/10 22:24:33 [emerg] 1#1: dlopen() "/etc/nginx/modules/ngx_stream_module.so" failed (Error loading shared library /etc/nginx/modules/ngx_stream_module.so: No such file or directory) in /etc/nginx/nginx.conf:4
2025/09/10 22:24:40 [emerg] 1#1: dlopen() "/etc/nginx/modules/ngx_stream_module.so" failed (Error loading shared library /etc/nginx/modules/ngx_stream_module.so: No such file or directory) in /etc/nginx/nginx.conf:4
2025/09/10 22:24:53 [emerg] 1#1: dlopen() "/etc/nginx/modules/ngx_stream_module.so" failed (Error loading shared library /etc/nginx/modules/ngx_stream_module.so: No such file or directory) in /etc/nginx/nginx.conf:4
2025/09/10 22:25:19 [emerg] 1#1: dlopen() "/etc/nginx/modules/ngx_stream_module.so" failed (Error loading shared library /etc/nginx/modules/ngx_stream_module.so: No such file or directory) in /etc/nginx/nginx.conf:4
2025/09/10 22:26:11 [emerg] 1#1: dlopen() "/etc/nginx/modules/ngx_stream_module.so" failed (Error loading shared library /etc/nginx/modules/ngx_stream_module.so: No such file or directory) in /etc/nginx/nginx.conf:4
2025/09/10 22:27:11 [emerg] 1#1: dlopen() "/etc/nginx/modules/ngx_stream_module.so" failed (Error loading shared library /etc/nginx/modules/ngx_stream_module.so: No such file or directory) in /etc/nginx/nginx.conf:4
2025/09/10 22:27:29 [emerg] 1#1: module "ngx_stream_module" is already loaded in /etc/nginx/nginx.conf:4
2025/09/10 22:27:30 [emerg] 1#1: module "ngx_stream_module" is already loaded in /etc/nginx/nginx.conf:4
2025/09/10 22:27:30 [emerg] 1#1: module "ngx_stream_module" is already loaded in /etc/nginx/nginx.conf:4
2025/09/10 22:27:31 [emerg] 1#1: module "ngx_stream_module" is already loaded in /etc/nginx/nginx.conf:4
2025/09/10 22:27:32 [emerg] 1#1: module "ngx_stream_module" is already loaded in /etc/nginx/nginx.conf:4
2025/09/10 22:27:34 [emerg] 1#1: module "ngx_stream_module" is already loaded in /etc/nginx/nginx.conf:4
2025/09/10 22:27:37 [emerg] 1#1: module "ngx_stream_module" is already loaded in /etc/nginx/nginx.conf:4
2025/09/10 22:27:44 [emerg] 1#1: module "ngx_stream_module" is already loaded in /etc/nginx/nginx.conf:4
2025/09/10 22:27:57 [emerg] 1#1: module "ngx_stream_module" is already loaded in /etc/nginx/nginx.conf:4
2025/09/10 22:28:23 [emerg] 1#1: module "ngx_stream_module" is already loaded in /etc/nginx/nginx.conf:4
2025/09/10 22:29:14 [emerg] 1#1: module "ngx_stream_module" is already loaded in /etc/nginx/nginx.conf:4
2025/09/10 22:30:15 [emerg] 1#1: "keepalive" directive is not allowed here in /etc/nginx/nginx.conf:28
2025/09/10 22:31:15 [emerg] 1#1: "keepalive" directive is not allowed here in /etc/nginx/nginx.conf:28
2025/09/10 22:31:43 [emerg] 1#1: "keepalive" directive is not allowed here in /etc/nginx/nginx.conf:28
2025/09/10 22:31:44 [emerg] 1#1: "keepalive" directive is not allowed here in /etc/nginx/nginx.conf:28
2025/09/10 22:31:44 [emerg] 1#1: "keepalive" directive is not allowed here in /etc/nginx/nginx.conf:28
2025/09/10 22:31:45 [emerg] 1#1: "keepalive" directive is not allowed here in /etc/nginx/nginx.conf:28
2025/09/10 22:31:46 [emerg] 1#1: "keepalive" directive is not allowed here in /etc/nginx/nginx.conf:28
2025/09/10 22:31:48 [emerg] 1#1: "keepalive" directive is not allowed here in /etc/nginx/nginx.conf:28
2025/09/10 22:31:52 [emerg] 1#1: "keepalive" directive is not allowed here in /etc/nginx/nginx.conf:28
2025/09/10 22:31:58 [emerg] 1#1: "keepalive" directive is not allowed here in /etc/nginx/nginx.conf:28
2025/09/10 22:32:11 [emerg] 1#1: "keepalive" directive is not allowed here in /etc/nginx/nginx.conf:28
2025/09/10 22:32:37 [emerg] 1#1: "keepalive" directive is not allowed here in /etc/nginx/nginx.conf:28
2025/09/10 22:33:29 [emerg] 1#1: "keepalive" directive is not allowed here in /etc/nginx/nginx.conf:28
2025/09/10 22:34:29 [emerg] 1#1: "keepalive" directive is not allowed here in /etc/nginx/nginx.conf:28
2025/09/10 22:35:29 [emerg] 1#1: "keepalive" directive is not allowed here in /etc/nginx/nginx.conf:28
2025/09/10 22:36:29 [emerg] 1#1: "keepalive" directive is not allowed here in /etc/nginx/nginx.conf:28
2025/09/10 22:37:30 [emerg] 1#1: "keepalive" directive is not allowed here in /etc/nginx/nginx.conf:28
2025/09/10 22:38:30 [emerg] 1#1: "keepalive" directive is not allowed here in /etc/nginx/nginx.conf:28
2025/09/10 22:39:30 [emerg] 1#1: "keepalive" directive is not allowed here in /etc/nginx/nginx.conf:28
2025/09/10 22:40:30 [emerg] 1#1: "keepalive" directive is not allowed here in /etc/nginx/nginx.conf:28
2025/09/10 22:41:31 [emerg] 1#1: "keepalive" directive is not allowed here in /etc/nginx/nginx.conf:28
2025/09/10 22:42:31 [emerg] 1#1: "keepalive" directive is not allowed here in /etc/nginx/nginx.conf:28
2025/09/10 22:43:31 [emerg] 1#1: "keepalive" directive is not allowed here in /etc/nginx/nginx.conf:28
2025/09/10 22:44:31 [emerg] 1#1: "keepalive" directive is not allowed here in /etc/nginx/nginx.conf:28
2025/09/10 22:45:32 [emerg] 1#1: "keepalive" directive is not allowed here in /etc/nginx/nginx.conf:28
2025/09/10 22:46:32 [emerg] 1#1: "keepalive" directive is not allowed here in /etc/nginx/nginx.conf:28
2025/09/10 22:47:32 [emerg] 1#1: "keepalive" directive is not allowed here in /etc/nginx/nginx.conf:28
2025/09/10 22:48:32 [emerg] 1#1: "keepalive" directive is not allowed here in /etc/nginx/nginx.conf:28
2025/09/10 22:49:33 [emerg] 1#1: "keepalive" directive is not allowed here in /etc/nginx/nginx.conf:28
2025/09/10 22:50:33 [emerg] 1#1: "keepalive" directive is not allowed here in /etc/nginx/nginx.conf:28
2025/09/10 22:51:33 [emerg] 1#1: "keepalive" directive is not allowed here in /etc/nginx/nginx.conf:28
2025/09/10 22:52:33 [emerg] 1#1: "keepalive" directive is not allowed here in /etc/nginx/nginx.conf:28
2025/09/10 22:53:34 [emerg] 1#1: "keepalive" directive is not allowed here in /etc/nginx/nginx.conf:28
2025/09/10 22:54:34 [emerg] 1#1: "keepalive" directive is not allowed here in /etc/nginx/nginx.conf:28
2025/09/10 22:55:34 [emerg] 1#1: "keepalive" directive is not allowed here in /etc/nginx/nginx.conf:28
2025/09/10 22:56:35 [emerg] 1#1: "keepalive" directive is not allowed here in /etc/nginx/nginx.conf:28
2025/09/10 22:57:35 [emerg] 1#1: "keepalive" directive is not allowed here in /etc/nginx/nginx.conf:28
2025/09/10 22:58:35 [emerg] 1#1: "keepalive" directive is not allowed here in /etc/nginx/nginx.conf:28
2025/09/10 22:59:35 [emerg] 1#1: "keepalive" directive is not allowed here in /etc/nginx/nginx.conf:28
2025/09/10 23:00:36 [emerg] 1#1: "keepalive" directive is not allowed here in /etc/nginx/nginx.conf:28
2025/09/10 23:01:36 [emerg] 1#1: "keepalive" directive is not allowed here in /etc/nginx/nginx.conf:28
2025/09/10 23:02:36 [emerg] 1#1: "keepalive" directive is not allowed here in /etc/nginx/nginx.conf:28
2025/09/10 23:03:36 [emerg] 1#1: "keepalive" directive is not allowed here in /etc/nginx/nginx.conf:28
2025/09/10 23:04:37 [emerg] 1#1: "keepalive" directive is not allowed here in /etc/nginx/nginx.conf:28
2025/09/10 23:05:37 [emerg] 1#1: "keepalive" directive is not allowed here in /etc/nginx/nginx.conf:28
2025/09/10 23:06:37 [emerg] 1#1: "keepalive" directive is not allowed here in /etc/nginx/nginx.conf:28
2025/09/10 23:07:37 [emerg] 1#1: "keepalive" directive is not allowed here in /etc/nginx/nginx.conf:28
2025/09/10 23:08:38 [emerg] 1#1: "keepalive" directive is not allowed here in /etc/nginx/nginx.conf:28
2025/09/10 23:09:04 [emerg] 1#1: host not found in upstream "api-node-1:3000" in /etc/nginx/nginx.conf:76
2025/09/10 23:09:13 [emerg] 1#1: host not found in upstream "api-node-1:3000" in /etc/nginx/nginx.conf:76
2025/09/10 23:09:21 [emerg] 1#1: host not found in upstream "api-node-1:3000" in /etc/nginx/nginx.conf:76
2025/09/10 23:09:29 [emerg] 1#1: host not found in upstream "api-node-1:3000" in /etc/nginx/nginx.conf:76
2025/09/10 23:09:37 [emerg] 1#1: host not found in upstream "api-node-1:3000" in /etc/nginx/nginx.conf:76
2025/09/10 23:09:46 [emerg] 1#1: host not found in upstream "api-node-1:3000" in /etc/nginx/nginx.conf:76
2025/09/10 23:09:54 [emerg] 1#1: host not found in upstream "api-node-1:3000" in /etc/nginx/nginx.conf:76
2025/09/10 23:10:06 [emerg] 1#1: host not found in upstream "api-node-1:3000" in /etc/nginx/nginx.conf:76
2025/09/10 23:19:22 [emerg] 1#1: unknown directive "proxy_Set_header" in /etc/nginx/nginx.conf:172
2025/09/10 23:19:22 [emerg] 1#1: unknown directive "proxy_Set_header" in /etc/nginx/nginx.conf:172
2025/09/10 23:19:23 [emerg] 1#1: unknown directive "proxy_Set_header" in /etc/nginx/nginx.conf:172
2025/09/10 23:19:24 [emerg] 1#1: unknown directive "proxy_Set_header" in /etc/nginx/nginx.conf:172
2025/09/10 23:19:25 [emerg] 1#1: unknown directive "proxy_Set_header" in /etc/nginx/nginx.conf:172
2025/09/10 23:19:27 [emerg] 1#1: unknown directive "proxy_Set_header" in /etc/nginx/nginx.conf:172
2025/09/10 23:19:30 [emerg] 1#1: unknown directive "proxy_Set_header" in /etc/nginx/nginx.conf:172
2025/09/10 23:19:37 [emerg] 1#1: unknown directive "proxy_Set_header" in /etc/nginx/nginx.conf:172
2025/09/10 23:19:50 [emerg] 1#1: unknown directive "proxy_Set_header" in /etc/nginx/nginx.conf:172
2025/09/10 23:21:32 [emerg] 1#1: unknown directive "proxy_Set_header" in /etc/nginx/nginx.conf:172
2025/09/10 23:21:33 [emerg] 1#1: unknown directive "proxy_Set_header" in /etc/nginx/nginx.conf:172
2025/09/10 23:21:33 [emerg] 1#1: unknown directive "proxy_Set_header" in /etc/nginx/nginx.conf:172
2025/09/10 23:21:34 [emerg] 1#1: unknown directive "proxy_Set_header" in /etc/nginx/nginx.conf:172
2025/09/10 23:21:35 [emerg] 1#1: unknown directive "proxy_Set_header" in /etc/nginx/nginx.conf:172
2025/09/10 23:21:37 [emerg] 1#1: unknown directive "proxy_Set_header" in /etc/nginx/nginx.conf:172
2025/09/10 23:21:40 [emerg] 1#1: unknown directive "proxy_Set_header" in /etc/nginx/nginx.conf:172
2025/09/10 23:21:47 [emerg] 1#1: unknown directive "proxy_Set_header" in /etc/nginx/nginx.conf:172
2025/09/10 23:22:00 [emerg] 1#1: unknown directive "proxy_Set_header" in /etc/nginx/nginx.conf:172
2025/09/10 23:22:26 [emerg] 1#1: unknown directive "proxy_Set_header" in /etc/nginx/nginx.conf:172
2025/09/10 23:24:04 [emerg] 1#1: unknown directive "proxy_Set_header" in /etc/nginx/nginx.conf:172
2025/09/10 23:24:05 [emerg] 1#1: unknown directive "proxy_Set_header" in /etc/nginx/nginx.conf:172
2025/09/10 23:24:05 [emerg] 1#1: unknown directive "proxy_Set_header" in /etc/nginx/nginx.conf:172
2025/09/10 23:24:06 [emerg] 1#1: unknown directive "proxy_Set_header" in /etc/nginx/nginx.conf:172
2025/09/10 23:24:07 [emerg] 1#1: unknown directive "proxy_Set_header" in /etc/nginx/nginx.conf:172
2025/09/10 23:24:09 [emerg] 1#1: unknown directive "proxy_Set_header" in /etc/nginx/nginx.conf:172
2025/09/10 23:24:12 [emerg] 1#1: unknown directive "proxy_Set_header" in /etc/nginx/nginx.conf:172
2025/09/10 23:24:19 [emerg] 1#1: unknown directive "proxy_Set_header" in /etc/nginx/nginx.conf:172
